<?xml version="1.0" encoding="UTF-8"?>
<testsuite xmlns:xsi="http://www.w3.org/2001/XMLSchema-instance" xsi:noNamespaceSchemaLocation="https://maven.apache.org/surefire/maven-surefire-plugin/xsd/surefire-test-report-3.0.xsd" version="3.0" name="fr.imt.raytracer.geometry.VectorTest" time="0.056" tests="7" errors="0" skipped="0" failures="0">
  <properties>
[...]
</properties>
  <testcase name="testAddition" classname="fr.imt.raytracer.geometry.VectorTest" time="0.012"/>
  <testcase name="testDotProduct" classname="fr.imt.raytracer.geometry.VectorTest" time="0.004"/>
  <testcase name="testCrossProduct" classname="fr.imt.raytracer.geometry.VectorTest" time="0.007"/>
  <testcase name="testMultiplyScalar" classname="fr.imt.raytracer.geometry.VectorTest" time="0.004"/>
  <testcase name="testNormalize" classname="fr.imt.raytracer.geometry.VectorTest" time="0.001"/>
  <testcase name="testLength" classname="fr.imt.raytracer.geometry.VectorTest" time="0.001"/>
  <testcase name="testSubtraction" classname="fr.imt.raytracer.geometry.VectorTest" time="0.003"/>
</testsuite>